minhoPark/app/build/intermediates/manifest_merge_blame_file/debug/manifest-merger-blame-debug-report.txt
1<?xml version="1.0" encoding="utf-8"?>
2<manifest xmlns:android="http://schemas.android.com/apk/res/android"
3    package="com.example.minhopark"
4    android:versionCode="1"
5    android:versionName="1.0" >
6
7    <uses-sdk
8        android:minSdkVersion="26"
8-->src/main/AndroidManifest.xml
9        android:targetSdkVersion="32" />
9-->src/main/AndroidManifest.xml
10
11    <!--
12         The ACCESS_COARSE/FINE_LOCATION permissions are not required to use
13         Google Maps Android API v2, but you must specify either coarse or fine
14         location permissions for the "MyLocation" functionality.
15    -->
16    <uses-permission android:name="android.permission.ACCESS_FINE_LOCATION" />
16-->src/main/AndroidManifest.xml:10:5-79
16-->src/main/AndroidManifest.xml:10:22-76
17    <uses-permission android:name="android.permission.ACCESS_COARSE_LOCATION" />
17-->src/main/AndroidManifest.xml:11:5-80
17-->src/main/AndroidManifest.xml:11:22-78
18    <uses-permission android:name="android.permission.INTERNET" />
18-->src/main/AndroidManifest.xml:12:5-67
18-->src/main/AndroidManifest.xml:12:22-64
19
20    <!-- Include required permissions for Google Maps API to run. -->
21    <uses-permission android:name="android.permission.ACCESS_NETWORK_STATE" />
21-->[com.google.android.gms:play-services-maps:18.0.2] AndroidManifest.xml:23:5-79
21-->[com.google.android.gms:play-services-maps:18.0.2] AndroidManifest.xml:23:22-76
22
23    <uses-feature
23-->[com.google.android.gms:play-services-maps:18.0.2] AndroidManifest.xml:26:5-28:35
24        android:glEsVersion="0x00020000"
24-->[com.google.android.gms:play-services-maps:18.0.2] AndroidManifest.xml:27:9-41
25        android:required="true" />
25-->[com.google.android.gms:play-services-maps:18.0.2] AndroidManifest.xml:28:9-32
26
27    <queries>
27-->[com.google.android.gms:play-services-maps:18.0.2] AndroidManifest.xml:30:5-34:15
28
29        <!-- Needs to be explicitly declared on Android R+ -->
30        <package android:name="com.google.android.apps.maps" />
30-->[com.google.android.gms:play-services-maps:18.0.2] AndroidManifest.xml:33:9-64
30-->[com.google.android.gms:play-services-maps:18.0.2] AndroidManifest.xml:33:18-61
31    </queries>
32
33    <application
33-->src/main/AndroidManifest.xml:14:5-71:19
34        android:allowBackup="true"
34-->src/main/AndroidManifest.xml:15:9-35
35        android:appComponentFactory="androidx.core.app.CoreComponentFactory"
35-->[androidx.core:core:1.7.0] AndroidManifest.xml:24:18-86
36        android:debuggable="true"
37        android:extractNativeLibs="false"
38        android:icon="@mipmap/ic_launcher"
38-->src/main/AndroidManifest.xml:16:9-43
39        android:label="@string/app_name"
39-->src/main/AndroidManifest.xml:17:9-41
40        android:roundIcon="@mipmap/ic_launcher_round"
40-->src/main/AndroidManifest.xml:18:9-54
41        android:supportsRtl="true"
41-->src/main/AndroidManifest.xml:19:9-35
42        android:testOnly="true"
43        android:theme="@style/Theme.MyApplication" >
43-->src/main/AndroidManifest.xml:20:9-51
44
45        <!--
46             The API key for Google Maps-based APIs is defined as a string resource.
47             (See the file "res/values/google_maps_api.xml").
48             Note that the API key is linked to the encryption key used to sign the APK.
49             You need a different API key for each encryption key, including the release key that is used to
50             sign the APK for publishing.
51             You can define the keys for the debug and release targets in src/debug/ and src/release/.
52        -->
53        <meta-data
53-->src/main/AndroidManifest.xml:30:9-32:55
54            android:name="com.google.android.geo.API_KEY"
54-->src/main/AndroidManifest.xml:31:13-58
55            android:value="@string/google_maps_key" />
55-->src/main/AndroidManifest.xml:32:13-52
56
57        <activity
57-->src/main/AndroidManifest.xml:34:9-43:20
58            android:name="com.example.minhopark.View.MapsActivity"
58-->src/main/AndroidManifest.xml:35:13-67
59            android:exported="true"
59-->src/main/AndroidManifest.xml:36:13-36
60            android:label="@string/title_activity_maps" >
60-->src/main/AndroidManifest.xml:37:13-56
61            <intent-filter>
61-->src/main/AndroidManifest.xml:38:13-42:29
62                <action android:name="android.intent.action.MAIN" />
62-->src/main/AndroidManifest.xml:39:17-69
62-->src/main/AndroidManifest.xml:39:25-66
63
64                <category android:name="android.intent.category.LAUNCHER" />
64-->src/main/AndroidManifest.xml:41:17-77
64-->src/main/AndroidManifest.xml:41:27-74
65            </intent-filter>
66        </activity>
67        <activity
67-->src/main/AndroidManifest.xml:44:9-52:20
68            android:name="com.example.minhopark.View.FavouritesActivity"
68-->src/main/AndroidManifest.xml:45:13-73
69            android:exported="true" >
69-->src/main/AndroidManifest.xml:46:13-36
70            <intent-filter>
70-->src/main/AndroidManifest.xml:38:13-42:29
71                <action android:name="android.intent.action.MAIN" />
71-->src/main/AndroidManifest.xml:39:17-69
71-->src/main/AndroidManifest.xml:39:25-66
72
73                <category android:name="android.intent.category.LAUNCHER" />
73-->src/main/AndroidManifest.xml:41:17-77
73-->src/main/AndroidManifest.xml:41:27-74
74            </intent-filter>
75        </activity>
76        <activity
76-->src/main/AndroidManifest.xml:53:9-61:20
77            android:name="com.example.minhopark.View.PreferencesActivity"
77-->src/main/AndroidManifest.xml:54:13-74
78            android:exported="true" >
78-->src/main/AndroidManifest.xml:55:13-36
79            <intent-filter>
79-->src/main/AndroidManifest.xml:38:13-42:29
80                <action android:name="android.intent.action.MAIN" />
80-->src/main/AndroidManifest.xml:39:17-69
80-->src/main/AndroidManifest.xml:39:25-66
81
82                <category android:name="android.intent.category.LAUNCHER" />
82-->src/main/AndroidManifest.xml:41:17-77
82-->src/main/AndroidManifest.xml:41:27-74
83            </intent-filter>
84        </activity>
85        <activity
85-->src/main/AndroidManifest.xml:62:9-70:20
86            android:name="com.example.minhopark.View.MainActivity"
86-->src/main/AndroidManifest.xml:63:13-67
87            android:exported="true" >
87-->src/main/AndroidManifest.xml:64:13-36
88            <intent-filter>
88-->src/main/AndroidManifest.xml:38:13-42:29
89                <action android:name="android.intent.action.MAIN" />
89-->src/main/AndroidManifest.xml:39:17-69
89-->src/main/AndroidManifest.xml:39:25-66
90
91                <category android:name="android.intent.category.LAUNCHER" />
91-->src/main/AndroidManifest.xml:41:17-77
91-->src/main/AndroidManifest.xml:41:27-74
92            </intent-filter>
93        </activity>
94        <!-- Needs to be explicitly declared on P+ -->
95        <uses-library
95-->[com.google.android.gms:play-services-maps:18.0.2] AndroidManifest.xml:39:9-41:40
96            android:name="org.apache.http.legacy"
96-->[com.google.android.gms:play-services-maps:18.0.2] AndroidManifest.xml:40:13-50
97            android:required="false" />
97-->[com.google.android.gms:play-services-maps:18.0.2] AndroidManifest.xml:41:13-37
98
99        <activity
99-->[com.google.android.gms:play-services-base:18.0.1] AndroidManifest.xml:20:9-22:45
100            android:name="com.google.android.gms.common.api.GoogleApiActivity"
100-->[com.google.android.gms:play-services-base:18.0.1] AndroidManifest.xml:20:19-85
101            android:exported="false"
101-->[com.google.android.gms:play-services-base:18.0.1] AndroidManifest.xml:22:19-43
102            android:theme="@android:style/Theme.Translucent.NoTitleBar" />
102-->[com.google.android.gms:play-services-base:18.0.1] AndroidManifest.xml:21:19-78
103
104        <meta-data
104-->[com.google.android.gms:play-services-basement:18.0.0] AndroidManifest.xml:21:9-23:69
105            android:name="com.google.android.gms.version"
105-->[com.google.android.gms:play-services-basement:18.0.0] AndroidManifest.xml:22:13-58
106            android:value="@integer/google_play_services_version" />
106-->[com.google.android.gms:play-services-basement:18.0.0] AndroidManifest.xml:23:13-66
107
108        <provider
108-->[androidx.emoji2:emoji2:1.0.0] AndroidManifest.xml:26:9-34:20
109            android:name="androidx.startup.InitializationProvider"
109-->[androidx.emoji2:emoji2:1.0.0] AndroidManifest.xml:27:13-67
110            android:authorities="com.example.minhopark.androidx-startup"
110-->[androidx.emoji2:emoji2:1.0.0] AndroidManifest.xml:28:13-68
111            android:exported="false" >
111-->[androidx.emoji2:emoji2:1.0.0] AndroidManifest.xml:29:13-37
112            <meta-data
112-->[androidx.emoji2:emoji2:1.0.0] AndroidManifest.xml:31:13-33:52
113                android:name="androidx.emoji2.text.EmojiCompatInitializer"
113-->[androidx.emoji2:emoji2:1.0.0] AndroidManifest.xml:32:17-75
114                android:value="androidx.startup" />
114-->[androidx.emoji2:emoji2:1.0.0] AndroidManifest.xml:33:17-49
115            <meta-data
115-->[androidx.lifecycle:lifecycle-process:2.4.0] AndroidManifest.xml:31:13-33:52
116                android:name="androidx.lifecycle.ProcessLifecycleInitializer"
116-->[androidx.lifecycle:lifecycle-process:2.4.0] AndroidManifest.xml:32:17-78
117                android:value="androidx.startup" />
117-->[androidx.lifecycle:lifecycle-process:2.4.0] AndroidManifest.xml:33:17-49
118        </provider>
119    </application>
120
121</manifest>